LOG - IP address: ::1 - 
10/02/2020 14:49:33: User admin successfully logged in.
--------------------------

LOG - IP address: ::1 - 
10/02/2020 14:49:40: User aa failed to log in.
--------------------------

LOG - IP address: ::1 - 
10/02/2020 15:37:47: User admin successfully logged in.
--------------------------

LOG - IP address: ::1 - 
11/02/2020 13:48:32: User admin successfully logged in.
--------------------------

LOG - IP address: ::1 - 
11/02/2020 15:22:38: User admin successfully logged in.
--------------------------

LOG - IP address: ::1 - 
11/02/2020 15:22:53: User admin successfully logged in.
--------------------------

LOG - IP address: ::1 - 
11/02/2020 15:25:20: User miming failed to log in.
--------------------------

LOG - IP address: ::1 - 
11/02/2020 15:25:29: User user failed to log in.
--------------------------

LOG - IP address: ::1 - 
11/02/2020 15:25:56: User user successfully logged in.
--------------------------

LOG - IP address: ::1 - 
11/02/2020 15:26:28: User admin successfully logged in.
--------------------------

LOG - IP address: ::1 - 
11/02/2020 15:29:50: User admin successfully logged in.
--------------------------

LOG - IP address: ::1 - 
11/02/2020 15:30:20: User admin failed to log in.
--------------------------

LOG - IP address: ::1 - 
11/02/2020 15:30:26: User admin successfully logged in.
--------------------------

LOG - IP address: ::1 - 
11/02/2020 15:31:41: User user successfully logged in.
--------------------------

LOG - IP address: ::1 - 
11/02/2020 15:33:03: User admin successfully logged in.
--------------------------

LOG - IP address: ::1 - 
11/02/2020 15:37:05: User admin successfully logged in.
--------------------------

LOG - IP address: ::1 - 
11/02/2020 15:55:01: User Gibson failed to log in.
--------------------------

LOG - IP address: ::1 - 
17/02/2020 12:58:35: User admin successfully logged in.
--------------------------

LOG - IP address: ::1 - 
17/02/2020 13:01:24: User admin successfully logged in.
--------------------------

LOG - IP address: ::1 - 
17/02/2020 14:52:18: User Gibson failed to log in.
--------------------------

LOG - IP address: ::1 - 
17/02/2020 14:52:27: User Gibson failed to log in.
--------------------------

LOG - IP address: ::1 - 
17/02/2020 14:52:37: User admin successfully logged in.
--------------------------

LOG - IP address: ::1 - 
17/02/2020 15:07:07: User admin successfully logged in.
--------------------------

LOG - IP address: ::1 - 
17/02/2020 16:48:39: User admin successfully logged in.
--------------------------

LOG - IP address: ::1 - 
18/02/2020 14:01:12: User admin successfully logged in.
--------------------------

LOG - IP address: ::1 - 
18/02/2020 14:14:52: User admin successfully logged in.
--------------------------

LOG - IP address: ::1 - 
18/02/2020 14:39:16: User admin failed to log in.
--------------------------

LOG - IP address: ::1 - 
18/02/2020 14:39:24: User admin successfully logged in.
--------------------------

LOG - IP address: ::1 - 
18/02/2020 14:44:30: User admin successfully logged in.
--------------------------

LOG - IP address: ::1 - 
18/02/2020 15:06:06: User admin successfully logged in.
--------------------------

LOG - IP address: ::1 - 
18/02/2020 15:24:06: User admin successfully logged in.
--------------------------

LOG - IP address: 127.0.0.1 - 
18/02/2020 16:30:18: User admin successfully logged in.
--------------------------

LOG - IP address: ::1 - 
21/02/2020 16:34:30: User admin successfully logged in.
--------------------------

LOG - IP address: ::1 - 
24/02/2020 11:56:03: User admin failed to log in.
--------------------------

LOG - IP address: ::1 - 
24/02/2020 11:56:11: User admin successfully logged in.
--------------------------

LOG - IP address: ::1 - 
24/02/2020 11:57:05: User admin successfully logged in.
--------------------------

LOG - IP address: ::1 - 
24/02/2020 14:09:59: User admin successfully logged in.
--------------------------

LOG - IP address: ::1 - 
24/02/2020 14:14:50: User admin successfully logged in.
--------------------------

LOG - IP address: ::1 - 
24/02/2020 14:48:17: User admin successfully logged in.
--------------------------

LOG - IP address: ::1 - 
24/02/2020 14:51:32: User admin successfully logged in.
--------------------------

LOG - IP address: ::1 - 
24/02/2020 15:05:09: User admin successfully logged in.
--------------------------

LOG - IP address: ::1 - 
24/02/2020 15:13:14: User admin successfully logged in.
--------------------------

LOG - IP address: ::1 - 
22/03/2020 00:06:27: User admin successfully logged in.
--------------------------

LOG - IP address: ::1 - 
22/03/2020 00:10:47: User admin successfully logged in.
--------------------------

LOG - IP address: ::1 - 
22/03/2020 01:09:23: User admin successfully logged in.
--------------------------

LOG - IP address: ::1 - 
22/03/2020 15:18:02: User admin successfully logged in.
--------------------------

LOG - IP address: ::1 - 
22/03/2020 15:30:11: User admin successfully logged in.
--------------------------

LOG - IP address: ::1 - 
24/03/2020 16:55:56: User admin failed to log in.
--------------------------

LOG - IP address: ::1 - 
24/03/2020 16:56:13: User admin successfully logged in.
--------------------------

LOG - IP address: ::1 - 
24/03/2020 18:48:13: User admin successfully logged in.
--------------------------

LOG - IP address: ::1 - 
24/03/2020 19:42:37: User admin successfully logged in.
--------------------------

LOG - IP address: 127.0.0.1 - 
07/04/2020 17:04:59: User admin successfully logged in.
--------------------------

LOG - IP address: ::1 - 
27/04/2020 14:32:00: User admin successfully logged in.
--------------------------

